[
  {
    "level": "INFO",
    "message": "android.ndkVersion from module build.gradle is 23.1.7779620"
  },
  {
    "level": "INFO",
    "message": "ndk.dir in local.properties is C:\\Users\\user\\AppData\\Local\\Android\\Sdk\\ndk\\23.1.7779620"
  },
  {
    "level": "INFO",
    "message": "ANDROID_NDK_HOME environment variable is not set"
  },
  {
    "level": "INFO",
    "message": "sdkFolder is C:\\Users\\user\\AppData\\Local\\Android\\Sdk"
  },
  {
    "level": "INFO",
    "message": "Considering C:\\Users\\user\\AppData\\Local\\Android\\Sdk\\ndk\\23.1.7779620 by ndk.dir"
  },
  {
    "level": "INFO",
    "message": "Considering C:\\Users\\user\\AppData\\Local\\Android\\Sdk\\ndk-bundle in SDK ndk-bundle folder"
  },
  {
    "level": "INFO",
    "message": "Considering C:\\Users\\user\\AppData\\Local\\Android\\Sdk\\ndk\\23.1.7779620 in SDK ndk folder"
  },
  {
    "level": "INFO",
    "message": "Considering C:\\Users\\user\\AppData\\Local\\Android\\Sdk\\ndk\\25.1.8937393 in SDK ndk folder"
  },
  {
    "level": "INFO",
    "message": "Considering C:\\Users\\user\\AppData\\Local\\Android\\Sdk\\ndk\\25.2.9519653 in SDK ndk folder"
  },
  {
    "level": "INFO",
    "message": "Rejected C:\\Users\\user\\AppData\\Local\\Android\\Sdk\\ndk\\25.1.8937393 in SDK ndk folder because that location has no source.properties"
  },
  {
    "level": "INFO",
    "message": "Choosing C:\\Users\\user\\AppData\\Local\\Android\\Sdk\\ndk\\23.1.7779620 from ndk.dir which had the requested version 23.1.7779620"
  }
]