[
  {
    "level": "INFO",
    "message": "android.ndkVersion from module build.gradle is 23.1.7779620"
  },
  {
    "level": "INFO",
    "message": "ndk.dir in local.properties is not set"
  },
  {
    "level": "INFO",
    "message": "ANDROID_NDK_HOME environment variable is not set"
  },
  {
    "level": "INFO",
    "message": "sdkFolder is C:\\Users\\user\\AppData\\Local\\Android\\Sdk"
  },
  {
    "level": "INFO",
    "message": "Considering C:\\Users\\user\\AppData\\Local\\Android\\Sdk\\ndk-bundle in SDK ndk-bundle folder"
  },
  {
    "level": "INFO",
    "message": "Considering C:\\Users\\user\\AppData\\Local\\Android\\Sdk\\ndk\\21.4.7075529 in SDK ndk folder"
  },
  {
    "level": "INFO",
    "message": "Considering C:\\Users\\user\\AppData\\Local\\Android\\Sdk\\ndk\\23.1.7779620 in SDK ndk folder"
  },
  {
    "level": "INFO",
    "message": "Considering C:\\Users\\user\\AppData\\Local\\Android\\Sdk\\ndk\\25.2.9519653 in SDK ndk folder"
  },
  {
    "level": "INFO",
    "message": "Rejected C:\\Users\\user\\AppData\\Local\\Android\\Sdk\\ndk-bundle in SDK ndk-bundle folder because that location has no source.properties"
  },
  {
    "level": "INFO",
    "message": "Found requested NDK version 23.1.7779620 at C:\\Users\\user\\AppData\\Local\\Android\\Sdk\\ndk\\23.1.7779620"
  }
]